url: 'https://api.github.com/repos/crystal-lang/crystal/releases?page=1'
page_num: '1', item_count: '1'
page_num: '1', item_count: '2'
page_num: '1', item_count: '3'
page_num: '1', item_count: '4'
page_num: '1', item_count: '5'
page_num: '1', item_count: '6'
page_num: '1', item_count: '7'
page_num: '1', item_count: '8'
page_num: '1', item_count: '9'
page_num: '1', item_count: '10'
page_num: '1', item_count: '11'
page_num: '1', item_count: '12'
page_num: '1', item_count: '13'
page_num: '1', item_count: '14'
page_num: '1', item_count: '15'
page_num: '1', item_count: '16'
page_num: '1', item_count: '17'
page_num: '1', item_count: '18'
page_num: '1', item_count: '19'
page_num: '1', item_count: '20'
page_num: '1', item_count: '21'
page_num: '1', item_count: '22'
page_num: '1', item_count: '23'
page_num: '1', item_count: '24'
page_num: '1', item_count: '25'
page_num: '1', item_count: '26'
page_num: '1', item_count: '27'
page_num: '1', item_count: '28'
page_num: '1', item_count: '29'
page_num: '1', item_count: '30'
url: 'https://api.github.com/repos/crystal-lang/crystal/releases?page=2'
page_num: '2', item_count: '1'
page_num: '2', item_count: '2'
page_num: '2', item_count: '3'
page_num: '2', item_count: '4'
page_num: '2', item_count: '5'
page_num: '2', item_count: '6'
page_num: '2', item_count: '7'
page_num: '2', item_count: '8'
page_num: '2', item_count: '9'
page_num: '2', item_count: '10'
page_num: '2', item_count: '11'
page_num: '2', item_count: '12'
page_num: '2', item_count: '13'
page_num: '2', item_count: '14'
page_num: '2', item_count: '15'
page_num: '2', item_count: '16'
page_num: '2', item_count: '17'
page_num: '2', item_count: '18'
page_num: '2', item_count: '19'
page_num: '2', item_count: '20'
page_num: '2', item_count: '21'
page_num: '2', item_count: '22'
page_num: '2', item_count: '23'
page_num: '2', item_count: '24'
page_num: '2', item_count: '25'
page_num: '2', item_count: '26'
url: 'https://api.github.com/repos/crystal-lang/crystal/releases?page=3'
done: 'true', items_per_page: '[30, 26]'
url: 'https://api.github.com/repos/crystal-lang/crystal/releases?page=1'
page_num: '1', item_count: '1'
page_num: '1', item_count: '2'
page_num: '1', item_count: '3'
page_num: '1', item_count: '4'
page_num: '1', item_count: '5'
page_num: '1', item_count: '6'
page_num: '1', item_count: '7'
page_num: '1', item_count: '8'
page_num: '1', item_count: '9'
page_num: '1', item_count: '10'
page_num: '1', item_count: '11'
page_num: '1', item_count: '12'
page_num: '1', item_count: '13'
page_num: '1', item_count: '14'
page_num: '1', item_count: '15'
page_num: '1', item_count: '16'
page_num: '1', item_count: '17'
page_num: '1', item_count: '18'
page_num: '1', item_count: '19'
page_num: '1', item_count: '20'
page_num: '1', item_count: '21'
page_num: '1', item_count: '22'
page_num: '1', item_count: '23'
page_num: '1', item_count: '24'
page_num: '1', item_count: '25'
page_num: '1', item_count: '26'
page_num: '1', item_count: '27'
page_num: '1', item_count: '28'
page_num: '1', item_count: '29'
page_num: '1', item_count: '30'
url: 'https://api.github.com/repos/crystal-lang/crystal/releases?page=2'
page_num: '2', item_count: '1'
page_num: '2', item_count: '2'
page_num: '2', item_count: '3'
page_num: '2', item_count: '4'
page_num: '2', item_count: '5'
page_num: '2', item_count: '6'
page_num: '2', item_count: '7'
page_num: '2', item_count: '8'
page_num: '2', item_count: '9'
page_num: '2', item_count: '10'
page_num: '2', item_count: '11'
page_num: '2', item_count: '12'
page_num: '2', item_count: '13'
page_num: '2', item_count: '14'
page_num: '2', item_count: '15'
page_num: '2', item_count: '16'
page_num: '2', item_count: '17'
page_num: '2', item_count: '18'
page_num: '2', item_count: '19'
page_num: '2', item_count: '20'
page_num: '2', item_count: '21'
page_num: '2', item_count: '22'
page_num: '2', item_count: '23'
page_num: '2', item_count: '24'
page_num: '2', item_count: '25'
page_num: '2', item_count: '26'
url: 'https://api.github.com/repos/crystal-lang/crystal/releases?page=3'
done: 'true', items_per_page: '[30, 26]'
0.20user 0.00system 0:02.77elapsed 7%CPU (0avgtext+0avgdata 28920maxresident)k
0inputs+976outputs (0major+5886minor)pagefaults 0swaps
